bash: /usr/local/nvs/README.md: Permission denied
Scraping started at Wed Mar 12 17:45:56 UTC 2025
Scraping started at Wed Mar 12 17:56:58 UTC 2025
Scraping started at Wed Mar 12 17:57:45 UTC 2025
Données ajoutées pour London à 2025-03-12T18:55:03Z
Données ajoutées pour London à 2025-03-12T19:00:02Z
Données ajoutées pour London à 2025-03-12T19:05:02Z
Données ajoutées pour Paris à 2025-03-12T19:05:02Z
Données ajoutées pour New York à 2025-03-12T19:05:02Z
Données ajoutées pour Paris à 2025-03-12T19:10:01Z
Données ajoutées pour New York à 2025-03-12T19:10:01Z
Données ajoutées pour London à 2025-03-12T19:10:01Z
Données ajoutées pour Paris à 2025-03-12T19:15:02Z
Données ajoutées pour New York à 2025-03-12T19:15:02Z
Données ajoutées pour London à 2025-03-12T19:15:02Z
Données ajoutées pour Paris à 2025-03-12T19:20:01Z
Données ajoutées pour London à 2025-03-12T19:20:01Z
Données ajoutées pour New York à 2025-03-12T19:20:01Z
Données ajoutées pour Paris à 2025-03-12T19:25:01Z
Données ajoutées pour New York à 2025-03-12T19:25:01Z
Données ajoutées pour London à 2025-03-12T19:25:01Z
Données ajoutées pour London à 2025-03-12T19:30:02Z
Données ajoutées pour New York à 2025-03-12T19:30:02Z
Données ajoutées pour Paris à 2025-03-12T19:30:02Z
Données ajoutées pour London à 2025-03-12T19:35:01Z
Données ajoutées pour New York à 2025-03-12T19:35:01Z
Données ajoutées pour Paris à 2025-03-12T19:35:01Z
Données ajoutées pour New York à 2025-03-12T19:40:01Z
Données ajoutées pour London à 2025-03-12T19:40:01Z
Données ajoutées pour Paris à 2025-03-12T19:40:01Z
Données ajoutées pour London à 2025-03-12T19:45:02Z
Données ajoutées pour New York à 2025-03-12T19:45:02Z
Données ajoutées pour Paris à 2025-03-12T19:45:02Z
Données ajoutées pour New York à 2025-03-12T19:50:01Z
Données ajoutées pour Paris à 2025-03-12T19:50:01Z
Données ajoutées pour London à 2025-03-12T19:50:01Z
Données ajoutées pour Paris à 2025-03-12T19:55:02Z
Données ajoutées pour New York à 2025-03-12T19:55:02Z
Données ajoutées pour London à 2025-03-12T19:55:02Z
Données ajoutées pour London à 2025-03-12T20:00:02Z
Données ajoutées pour New York à 2025-03-12T20:00:02Z
Données ajoutées pour Paris à 2025-03-12T20:00:02Z
Données ajoutées pour Paris à 2025-03-12T20:00:02Z
Données ajoutées pour London à 2025-03-12T20:00:02Z
Données ajoutées pour New York à 2025-03-12T20:00:02Z
Rapport quotidien généré dans daily_report_New_York.txt
Rapport quotidien généré dans daily_report_London.txt
Rapport quotidien généré dans daily_report_Paris.txt
Données ajoutées pour New York à 2025-03-12T20:05:01Z
Données ajoutées pour Paris à 2025-03-12T20:05:01Z
Données ajoutées pour London à 2025-03-12T20:05:01Z
Données ajoutées pour London à 2025-03-12T20:10:01Z
Données ajoutées pour Paris à 2025-03-12T20:10:01Z
Données ajoutées pour New York à 2025-03-12T20:10:01Z
Données ajoutées pour New York à 2025-03-12T20:15:02Z
Données ajoutées pour London à 2025-03-12T20:15:02Z
Données ajoutées pour Paris à 2025-03-12T20:15:02Z
Données ajoutées pour Paris à 2025-03-12T20:20:01Z
Données ajoutées pour London à 2025-03-12T20:20:01Z
Données ajoutées pour New York à 2025-03-12T20:20:01Z
Données ajoutées pour London à 2025-03-12T20:25:02Z
Données ajoutées pour Paris à 2025-03-12T20:25:02Z
Données ajoutées pour New York à 2025-03-12T20:25:02Z
Données ajoutées pour London à 2025-03-12T20:30:01Z
Données ajoutées pour New York à 2025-03-12T20:30:01Z
Données ajoutées pour Paris à 2025-03-12T20:30:01Z
Données ajoutées pour Paris à 2025-03-12T20:35:01Z
Données ajoutées pour New York à 2025-03-12T20:35:01Z
Données ajoutées pour London à 2025-03-12T20:35:01Z
Données ajoutées pour New York à 2025-03-12T20:40:02Z
Données ajoutées pour London à 2025-03-12T20:40:02Z
Données ajoutées pour Paris à 2025-03-12T20:40:02Z
